<?xml version="1.0" encoding="UTF-8"?>
<testsuite xmlns:xsi="http://www.w3.org/2001/XMLSchema-instance" xsi:noNamespaceSchemaLocation="https://maven.apache.org/surefire/maven-surefire-plugin/xsd/surefire-test-report.xsd" name="runner.RunTest" time="78.241" tests="10" errors="0" skipped="0" failures="0">
  <properties>
    <property name="sun.desktop" value="windows"/>
    <property name="awt.toolkit" value="sun.awt.windows.WToolkit"/>
    <property name="file.encoding.pkg" value="sun.io"/>
    <property name="java.specification.version" value="1.8"/>
    <property name="sun.cpu.isalist" value="amd64"/>
    <property name="sun.jnu.encoding" value="Cp1252"/>
    <property name="java.class.path" value="C:\Work\Cucumber_DataDrivenFramework_Exceptions\Cucumber_DataDrivenFramework_Exceptions\target\test-classes;C:\Work\Cucumber_DataDrivenFramework_Exceptions\Cucumber_DataDrivenFramework_Exceptions\target\classes;C:\Users\a834048\.m2\repository\io\cucumber\cucumber-java\6.8.1\cucumber-java-6.8.1.jar;C:\Users\a834048\.m2\repository\io\cucumber\cucumber-core\6.8.1\cucumber-core-6.8.1.jar;C:\Users\a834048\.m2\repository\io\cucumber\cucumber-gherkin\6.8.1\cucumber-gherkin-6.8.1.jar;C:\Users\a834048\.m2\repository\io\cucumber\cucumber-gherkin-messages\6.8.1\cucumber-gherkin-messages-6.8.1.jar;C:\Users\a834048\.m2\repository\io\cucumber\messages\13.1.0\messages-13.1.0.jar;C:\Users\a834048\.m2\repository\io\cucumber\tag-expressions\3.0.0\tag-expressions-3.0.0.jar;C:\Users\a834048\.m2\repository\io\cucumber\cucumber-expressions\10.3.0\cucumber-expressions-10.3.0.jar;C:\Users\a834048\.m2\repository\io\cucumber\datatable\3.5.0\datatable-3.5.0.jar;C:\Users\a834048\.m2\repository\io\cucumber\cucumber-plugin\6.8.1\cucumber-plugin-6.8.1.jar;C:\Users\a834048\.m2\repository\io\cucumber\docstring\6.8.1\docstring-6.8.1.jar;C:\Users\a834048\.m2\repository\io\cucumber\html-formatter\9.0.0\html-formatter-9.0.0.jar;C:\Users\a834048\.m2\repository\io\cucumber\create-meta\2.0.2\create-meta-2.0.2.jar;C:\Users\a834048\.m2\repository\org\apiguardian\apiguardian-api\1.1.0\apiguardian-api-1.1.0.jar;C:\Users\a834048\.m2\repository\io\cucumber\cucumber-picocontainer\6.8.1\cucumber-picocontainer-6.8.1.jar;C:\Users\a834048\.m2\repository\org\picocontainer\picocontainer\2.15\picocontainer-2.15.jar;C:\Users\a834048\.m2\repository\io\cucumber\cucumber-junit\6.8.1\cucumber-junit-6.8.1.jar;C:\Users\a834048\.m2\repository\junit\junit\4.13\junit-4.13.jar;C:\Users\a834048\.m2\repository\org\hamcrest\hamcrest-core\1.3\hamcrest-core-1.3.jar;C:\Users\a834048\.m2\repository\io\qameta\allure\allure-cucumber5-jvm\2.14.0\allure-cucumber5-jvm-2.14.0.jar;C:\Users\a834048\.m2\repository\io\qameta\allure\allure-java-commons\2.14.0\allure-java-commons-2.14.0.jar;C:\Users\a834048\.m2\repository\io\qameta\allure\allure-model\2.14.0\allure-model-2.14.0.jar;C:\Users\a834048\.m2\repository\com\fasterxml\jackson\core\jackson-databind\2.12.3\jackson-databind-2.12.3.jar;C:\Users\a834048\.m2\repository\com\fasterxml\jackson\core\jackson-annotations\2.12.3\jackson-annotations-2.12.3.jar;C:\Users\a834048\.m2\repository\com\fasterxml\jackson\core\jackson-core\2.12.3\jackson-core-2.12.3.jar;C:\Users\a834048\.m2\repository\org\apache\tika\tika-core\1.26\tika-core-1.26.jar;C:\Users\a834048\.m2\repository\org\jooq\joor-java-8\0.9.14\joor-java-8-0.9.14.jar;C:\Users\a834048\.m2\repository\io\cucumber\gherkin\5.1.0\gherkin-5.1.0.jar;C:\Users\a834048\.m2\repository\io\cucumber\gherkin-jvm-deps\1.0.4\gherkin-jvm-deps-1.0.4.jar;C:\Users\a834048\.m2\repository\io\qameta\allure\allure-junit4\2.14.0\allure-junit4-2.14.0.jar;C:\Users\a834048\.m2\repository\org\apache\poi\poi\4.1.2\poi-4.1.2.jar;C:\Users\a834048\.m2\repository\commons-codec\commons-codec\1.13\commons-codec-1.13.jar;C:\Users\a834048\.m2\repository\org\apache\commons\commons-collections4\4.4\commons-collections4-4.4.jar;C:\Users\a834048\.m2\repository\org\apache\commons\commons-math3\3.6.1\commons-math3-3.6.1.jar;C:\Users\a834048\.m2\repository\com\zaxxer\SparseBitSet\1.2\SparseBitSet-1.2.jar;C:\Users\a834048\.m2\repository\org\apache\poi\poi-ooxml\4.1.2\poi-ooxml-4.1.2.jar;C:\Users\a834048\.m2\repository\org\apache\poi\poi-ooxml-schemas\4.1.2\poi-ooxml-schemas-4.1.2.jar;C:\Users\a834048\.m2\repository\org\apache\xmlbeans\xmlbeans\3.1.0\xmlbeans-3.1.0.jar;C:\Users\a834048\.m2\repository\org\apache\commons\commons-compress\1.19\commons-compress-1.19.jar;C:\Users\a834048\.m2\repository\com\github\virtuald\curvesapi\1.06\curvesapi-1.06.jar;C:\Users\a834048\.m2\repository\io\github\bonigarcia\webdrivermanager\3.8.1\webdrivermanager-3.8.1.jar;C:\Users\a834048\.m2\repository\org\slf4j\slf4j-api\1.7.25\slf4j-api-1.7.25.jar;C:\Users\a834048\.m2\repository\commons-io\commons-io\2.6\commons-io-2.6.jar;C:\Users\a834048\.m2\repository\com\google\code\gson\gson\2.8.5\gson-2.8.5.jar;C:\Users\a834048\.m2\repository\org\apache\commons\commons-lang3\3.8.1\commons-lang3-3.8.1.jar;C:\Users\a834048\.m2\repository\org\apache\httpcomponents\httpclient\4.5.6\httpclient-4.5.6.jar;C:\Users\a834048\.m2\repository\org\apache\httpcomponents\httpcore\4.4.10\httpcore-4.4.10.jar;C:\Users\a834048\.m2\repository\commons-logging\commons-logging\1.2\commons-logging-1.2.jar;C:\Users\a834048\.m2\repository\org\rauschig\jarchivelib\1.0.0\jarchivelib-1.0.0.jar;C:\Users\a834048\.m2\repository\org\jsoup\jsoup\1.11.3\jsoup-1.11.3.jar;C:\Users\a834048\.m2\repository\org\seleniumhq\selenium\selenium-java\4.7.0\selenium-java-4.7.0.jar;C:\Users\a834048\.m2\repository\org\seleniumhq\selenium\selenium-api\4.7.0\selenium-api-4.7.0.jar;C:\Users\a834048\.m2\repository\org\seleniumhq\selenium\selenium-chrome-driver\4.7.0\selenium-chrome-driver-4.7.0.jar;C:\Users\a834048\.m2\repository\com\google\auto\service\auto-service-annotations\1.0.1\auto-service-annotations-1.0.1.jar;C:\Users\a834048\.m2\repository\com\google\auto\service\auto-service\1.0.1\auto-service-1.0.1.jar;C:\Users\a834048\.m2\repository\com\google\auto\auto-common\1.2\auto-common-1.2.jar;C:\Users\a834048\.m2\repository\com\google\guava\guava\31.1-jre\guava-31.1-jre.jar;C:\Users\a834048\.m2\repository\com\google\guava\failureaccess\1.0.1\failureaccess-1.0.1.jar;C:\Users\a834048\.m2\repository\com\google\guava\listenablefuture\9999.0-empty-to-avoid-conflict-with-guava\listenablefuture-9999.0-empty-to-avoid-conflict-with-guava.jar;C:\Users\a834048\.m2\repository\com\google\code\findbugs\jsr305\3.0.2\jsr305-3.0.2.jar;C:\Users\a834048\.m2\repository\org\checkerframework\checker-qual\3.12.0\checker-qual-3.12.0.jar;C:\Users\a834048\.m2\repository\com\google\errorprone\error_prone_annotations\2.11.0\error_prone_annotations-2.11.0.jar;C:\Users\a834048\.m2\repository\com\google\j2objc\j2objc-annotations\1.3\j2objc-annotations-1.3.jar;C:\Users\a834048\.m2\repository\org\seleniumhq\selenium\selenium-chromium-driver\4.7.0\selenium-chromium-driver-4.7.0.jar;C:\Users\a834048\.m2\repository\org\seleniumhq\selenium\selenium-json\4.7.0\selenium-json-4.7.0.jar;C:\Users\a834048\.m2\repository\org\seleniumhq\selenium\selenium-devtools-v106\4.7.0\selenium-devtools-v106-4.7.0.jar;C:\Users\a834048\.m2\repository\org\seleniumhq\selenium\selenium-devtools-v107\4.7.0\selenium-devtools-v107-4.7.0.jar;C:\Users\a834048\.m2\repository\org\seleniumhq\selenium\selenium-devtools-v108\4.7.0\selenium-devtools-v108-4.7.0.jar;C:\Users\a834048\.m2\repository\org\seleniumhq\selenium\selenium-devtools-v85\4.7.0\selenium-devtools-v85-4.7.0.jar;C:\Users\a834048\.m2\repository\org\seleniumhq\selenium\selenium-edge-driver\4.7.0\selenium-edge-driver-4.7.0.jar;C:\Users\a834048\.m2\repository\org\seleniumhq\selenium\selenium-firefox-driver\4.7.0\selenium-firefox-driver-4.7.0.jar;C:\Users\a834048\.m2\repository\org\seleniumhq\selenium\selenium-ie-driver\4.7.0\selenium-ie-driver-4.7.0.jar;C:\Users\a834048\.m2\repository\org\seleniumhq\selenium\selenium-remote-driver\4.7.0\selenium-remote-driver-4.7.0.jar;C:\Users\a834048\.m2\repository\com\beust\jcommander\1.82\jcommander-1.82.jar;C:\Users\a834048\.m2\repository\io\netty\netty-buffer\4.1.84.Final\netty-buffer-4.1.84.Final.jar;C:\Users\a834048\.m2\repository\io\netty\netty-codec-http\4.1.84.Final\netty-codec-http-4.1.84.Final.jar;C:\Users\a834048\.m2\repository\io\netty\netty-codec\4.1.84.Final\netty-codec-4.1.84.Final.jar;C:\Users\a834048\.m2\repository\io\netty\netty-handler\4.1.84.Final\netty-handler-4.1.84.Final.jar;C:\Users\a834048\.m2\repository\io\netty\netty-common\4.1.84.Final\netty-common-4.1.84.Final.jar;C:\Users\a834048\.m2\repository\io\netty\netty-transport-classes-epoll\4.1.84.Final\netty-transport-classes-epoll-4.1.84.Final.jar;C:\Users\a834048\.m2\repository\io\netty\netty-transport-classes-kqueue\4.1.84.Final\netty-transport-classes-kqueue-4.1.84.Final.jar;C:\Users\a834048\.m2\repository\io\netty\netty-transport-native-epoll\4.1.84.Final\netty-transport-native-epoll-4.1.84.Final.jar;C:\Users\a834048\.m2\repository\io\netty\netty-transport-native-kqueue\4.1.84.Final\netty-transport-native-kqueue-4.1.84.Final.jar;C:\Users\a834048\.m2\repository\io\netty\netty-transport-native-unix-common\4.1.84.Final\netty-transport-native-unix-common-4.1.84.Final.jar;C:\Users\a834048\.m2\repository\io\netty\netty-transport\4.1.84.Final\netty-transport-4.1.84.Final.jar;C:\Users\a834048\.m2\repository\io\netty\netty-resolver\4.1.84.Final\netty-resolver-4.1.84.Final.jar;C:\Users\a834048\.m2\repository\io\opentelemetry\opentelemetry-api\1.19.0\opentelemetry-api-1.19.0.jar;C:\Users\a834048\.m2\repository\io\opentelemetry\opentelemetry-context\1.19.0\opentelemetry-context-1.19.0.jar;C:\Users\a834048\.m2\repository\io\opentelemetry\opentelemetry-exporter-logging\1.19.0\opentelemetry-exporter-logging-1.19.0.jar;C:\Users\a834048\.m2\repository\io\opentelemetry\opentelemetry-sdk-metrics\1.19.0\opentelemetry-sdk-metrics-1.19.0.jar;C:\Users\a834048\.m2\repository\io\opentelemetry\opentelemetry-sdk-logs\1.19.0-alpha\opentelemetry-sdk-logs-1.19.0-alpha.jar;C:\Users\a834048\.m2\repository\io\opentelemetry\opentelemetry-api-logs\1.19.0-alpha\opentelemetry-api-logs-1.19.0-alpha.jar;C:\Users\a834048\.m2\repository\io\opentelemetry\opentelemetry-sdk-common\1.19.0\opentelemetry-sdk-common-1.19.0.jar;C:\Users\a834048\.m2\repository\io\opentelemetry\opentelemetry-sdk-extension-autoconfigure-spi\1.19.0\opentelemetry-sdk-extension-autoconfigure-spi-1.19.0.jar;C:\Users\a834048\.m2\repository\io\opentelemetry\opentelemetry-sdk-extension-autoconfigure\1.19.0-alpha\opentelemetry-sdk-extension-autoconfigure-1.19.0-alpha.jar;C:\Users\a834048\.m2\repository\io\opentelemetry\opentelemetry-exporter-common\1.19.0\opentelemetry-exporter-common-1.19.0.jar;C:\Users\a834048\.m2\repository\io\opentelemetry\opentelemetry-sdk-trace\1.19.0\opentelemetry-sdk-trace-1.19.0.jar;C:\Users\a834048\.m2\repository\io\opentelemetry\opentelemetry-sdk\1.19.0\opentelemetry-sdk-1.19.0.jar;C:\Users\a834048\.m2\repository\io\opentelemetry\opentelemetry-semconv\1.19.0-alpha\opentelemetry-semconv-1.19.0-alpha.jar;C:\Users\a834048\.m2\repository\io\ous\jtoml\2.0.0\jtoml-2.0.0.jar;C:\Users\a834048\.m2\repository\net\bytebuddy\byte-buddy\1.12.18\byte-buddy-1.12.18.jar;C:\Users\a834048\.m2\repository\org\apache\commons\commons-exec\1.3\commons-exec-1.3.jar;C:\Users\a834048\.m2\repository\org\asynchttpclient\async-http-client\2.12.3\async-http-client-2.12.3.jar;C:\Users\a834048\.m2\repository\org\asynchttpclient\async-http-client-netty-utils\2.12.3\async-http-client-netty-utils-2.12.3.jar;C:\Users\a834048\.m2\repository\io\netty\netty-codec-socks\4.1.60.Final\netty-codec-socks-4.1.60.Final.jar;C:\Users\a834048\.m2\repository\io\netty\netty-handler-proxy\4.1.60.Final\netty-handler-proxy-4.1.60.Final.jar;C:\Users\a834048\.m2\repository\io\netty\netty-transport-native-epoll\4.1.60.Final\netty-transport-native-epoll-4.1.60.Final-linux-x86_64.jar;C:\Users\a834048\.m2\repository\io\netty\netty-transport-native-kqueue\4.1.60.Final\netty-transport-native-kqueue-4.1.60.Final-osx-x86_64.jar;C:\Users\a834048\.m2\repository\com\typesafe\netty\netty-reactive-streams\2.0.4\netty-reactive-streams-2.0.4.jar;C:\Users\a834048\.m2\repository\com\sun\activation\jakarta.activation\1.2.2\jakarta.activation-1.2.2.jar;C:\Users\a834048\.m2\repository\org\seleniumhq\selenium\selenium-http\4.7.0\selenium-http-4.7.0.jar;C:\Users\a834048\.m2\repository\dev\failsafe\failsafe\3.3.0\failsafe-3.3.0.jar;C:\Users\a834048\.m2\repository\org\seleniumhq\selenium\selenium-manager\4.7.0\selenium-manager-4.7.0.jar;C:\Users\a834048\.m2\repository\org\seleniumhq\selenium\selenium-safari-driver\4.7.0\selenium-safari-driver-4.7.0.jar;C:\Users\a834048\.m2\repository\org\seleniumhq\selenium\selenium-support\4.7.0\selenium-support-4.7.0.jar;C:\Users\a834048\.m2\repository\com\aventstack\extentreports\5.0.9\extentreports-5.0.9.jar;C:\Users\a834048\.m2\repository\io\reactivex\rxjava3\rxjava\3.0.4\rxjava-3.0.4.jar;C:\Users\a834048\.m2\repository\org\reactivestreams\reactive-streams\1.0.3\reactive-streams-1.0.3.jar;C:\Users\a834048\.m2\repository\org\freemarker\freemarker\2.3.30\freemarker-2.3.30.jar;C:\Users\a834048\.m2\repository\org\projectlombok\lombok\1.18.12\lombok-1.18.12.jar;C:\Users\a834048\.m2\repository\org\hamcrest\hamcrest\2.2\hamcrest-2.2.jar;C:\Users\a834048\.m2\repository\tech\grasshopper\extentreports-cucumber6-adapter\2.13.0\extentreports-cucumber6-adapter-2.13.0.jar;C:\Users\a834048\.m2\repository\tech\grasshopper\extent-pdf-report\2.7.0\extent-pdf-report-2.7.0.jar;C:\Users\a834048\.m2\repository\tech\grasshopper\cucumber-pdf-report\2.10.0\cucumber-pdf-report-2.10.0.jar;C:\Users\a834048\.m2\repository\org\apache\pdfbox\pdfbox\2.0.26\pdfbox-2.0.26.jar;C:\Users\a834048\.m2\repository\org\apache\pdfbox\fontbox\2.0.26\fontbox-2.0.26.jar;C:\Users\a834048\.m2\repository\org\knowm\xchart\xchart\3.8.0\xchart-3.8.0.jar;C:\Users\a834048\.m2\repository\de\erichseifert\vectorgraphics2d\VectorGraphics2D\0.13\VectorGraphics2D-0.13.jar;C:\Users\a834048\.m2\repository\de\rototor\pdfbox\graphics2d\0.30\graphics2d-0.30.jar;C:\Users\a834048\.m2\repository\com\madgag\animated-gif-lib\1.4\animated-gif-lib-1.4.jar;C:\Users\a834048\.m2\repository\org\yaml\snakeyaml\1.28\snakeyaml-1.28.jar;C:\Users\a834048\.m2\repository\tech\grasshopper\table-layout\1.5.1\table-layout-1.5.1.jar;C:\Users\a834048\.m2\repository\tech\grasshopper\rest-assured-cucumber-pdf-report\1.4.1\rest-assured-cucumber-pdf-report-1.4.1.jar;C:\Users\a834048\.m2\repository\com\aventstack\klov-reporter\5.0.9\klov-reporter-5.0.9.jar;C:\Users\a834048\.m2\repository\org\mongodb\bson\3.6.4\bson-3.6.4.jar;C:\Users\a834048\.m2\repository\org\apache\httpcomponents\httpmime\4.5.13\httpmime-4.5.13.jar;C:\Users\a834048\.m2\repository\tech\grasshopper\htmlextentreporter\1.0.1\htmlextentreporter-1.0.1.jar;C:\Users\a834048\.m2\repository\org\mongodb\mongodb-driver\3.3.0\mongodb-driver-3.3.0.jar;C:\Users\a834048\.m2\repository\org\mongodb\mongodb-driver-core\3.3.0\mongodb-driver-core-3.3.0.jar;"/>
    <property name="java.vm.vendor" value="Oracle Corporation"/>
    <property name="sun.arch.data.model" value="64"/>
    <property name="user.variant" value=""/>
    <property name="java.vendor.url" value="http://java.oracle.com/"/>
    <property name="user.timezone" value="Asia/Calcutta"/>
    <property name="java.vm.specification.version" value="1.8"/>
    <property name="os.name" value="Windows 10"/>
    <property name="user.country" value="US"/>
    <property name="sun.java.launcher" value="SUN_STANDARD"/>
    <property name="sun.boot.library.path" value="C:\Program Files\Java\jdk1.8.0_202\jre\bin"/>
    <property name="sun.java.command" value="C:\Users\a834048\AppData\Local\Temp\surefire3491784311122843542\surefirebooter1789416995161088571.jar C:\Users\a834048\AppData\Local\Temp\surefire3491784311122843542 2023-02-08T18-11-06_491-jvmRun1 surefire1367559865798532066tmp surefire_0370154152867120906tmp"/>
    <property name="surefire.test.class.path" value="C:\Work\Cucumber_DataDrivenFramework_Exceptions\Cucumber_DataDrivenFramework_Exceptions\target\test-classes;C:\Work\Cucumber_DataDrivenFramework_Exceptions\Cucumber_DataDrivenFramework_Exceptions\target\classes;C:\Users\a834048\.m2\repository\io\cucumber\cucumber-java\6.8.1\cucumber-java-6.8.1.jar;C:\Users\a834048\.m2\repository\io\cucumber\cucumber-core\6.8.1\cucumber-core-6.8.1.jar;C:\Users\a834048\.m2\repository\io\cucumber\cucumber-gherkin\6.8.1\cucumber-gherkin-6.8.1.jar;C:\Users\a834048\.m2\repository\io\cucumber\cucumber-gherkin-messages\6.8.1\cucumber-gherkin-messages-6.8.1.jar;C:\Users\a834048\.m2\repository\io\cucumber\messages\13.1.0\messages-13.1.0.jar;C:\Users\a834048\.m2\repository\io\cucumber\tag-expressions\3.0.0\tag-expressions-3.0.0.jar;C:\Users\a834048\.m2\repository\io\cucumber\cucumber-expressions\10.3.0\cucumber-expressions-10.3.0.jar;C:\Users\a834048\.m2\repository\io\cucumber\datatable\3.5.0\datatable-3.5.0.jar;C:\Users\a834048\.m2\repository\io\cucumber\cucumber-plugin\6.8.1\cucumber-plugin-6.8.1.jar;C:\Users\a834048\.m2\repository\io\cucumber\docstring\6.8.1\docstring-6.8.1.jar;C:\Users\a834048\.m2\repository\io\cucumber\html-formatter\9.0.0\html-formatter-9.0.0.jar;C:\Users\a834048\.m2\repository\io\cucumber\create-meta\2.0.2\create-meta-2.0.2.jar;C:\Users\a834048\.m2\repository\org\apiguardian\apiguardian-api\1.1.0\apiguardian-api-1.1.0.jar;C:\Users\a834048\.m2\repository\io\cucumber\cucumber-picocontainer\6.8.1\cucumber-picocontainer-6.8.1.jar;C:\Users\a834048\.m2\repository\org\picocontainer\picocontainer\2.15\picocontainer-2.15.jar;C:\Users\a834048\.m2\repository\io\cucumber\cucumber-junit\6.8.1\cucumber-junit-6.8.1.jar;C:\Users\a834048\.m2\repository\junit\junit\4.13\junit-4.13.jar;C:\Users\a834048\.m2\repository\org\hamcrest\hamcrest-core\1.3\hamcrest-core-1.3.jar;C:\Users\a834048\.m2\repository\io\qameta\allure\allure-cucumber5-jvm\2.14.0\allure-cucumber5-jvm-2.14.0.jar;C:\Users\a834048\.m2\repository\io\qameta\allure\allure-java-commons\2.14.0\allure-java-commons-2.14.0.jar;C:\Users\a834048\.m2\repository\io\qameta\allure\allure-model\2.14.0\allure-model-2.14.0.jar;C:\Users\a834048\.m2\repository\com\fasterxml\jackson\core\jackson-databind\2.12.3\jackson-databind-2.12.3.jar;C:\Users\a834048\.m2\repository\com\fasterxml\jackson\core\jackson-annotations\2.12.3\jackson-annotations-2.12.3.jar;C:\Users\a834048\.m2\repository\com\fasterxml\jackson\core\jackson-core\2.12.3\jackson-core-2.12.3.jar;C:\Users\a834048\.m2\repository\org\apache\tika\tika-core\1.26\tika-core-1.26.jar;C:\Users\a834048\.m2\repository\org\jooq\joor-java-8\0.9.14\joor-java-8-0.9.14.jar;C:\Users\a834048\.m2\repository\io\cucumber\gherkin\5.1.0\gherkin-5.1.0.jar;C:\Users\a834048\.m2\repository\io\cucumber\gherkin-jvm-deps\1.0.4\gherkin-jvm-deps-1.0.4.jar;C:\Users\a834048\.m2\repository\io\qameta\allure\allure-junit4\2.14.0\allure-junit4-2.14.0.jar;C:\Users\a834048\.m2\repository\org\apache\poi\poi\4.1.2\poi-4.1.2.jar;C:\Users\a834048\.m2\repository\commons-codec\commons-codec\1.13\commons-codec-1.13.jar;C:\Users\a834048\.m2\repository\org\apache\commons\commons-collections4\4.4\commons-collections4-4.4.jar;C:\Users\a834048\.m2\repository\org\apache\commons\commons-math3\3.6.1\commons-math3-3.6.1.jar;C:\Users\a834048\.m2\repository\com\zaxxer\SparseBitSet\1.2\SparseBitSet-1.2.jar;C:\Users\a834048\.m2\repository\org\apache\poi\poi-ooxml\4.1.2\poi-ooxml-4.1.2.jar;C:\Users\a834048\.m2\repository\org\apache\poi\poi-ooxml-schemas\4.1.2\poi-ooxml-schemas-4.1.2.jar;C:\Users\a834048\.m2\repository\org\apache\xmlbeans\xmlbeans\3.1.0\xmlbeans-3.1.0.jar;C:\Users\a834048\.m2\repository\org\apache\commons\commons-compress\1.19\commons-compress-1.19.jar;C:\Users\a834048\.m2\repository\com\github\virtuald\curvesapi\1.06\curvesapi-1.06.jar;C:\Users\a834048\.m2\repository\io\github\bonigarcia\webdrivermanager\3.8.1\webdrivermanager-3.8.1.jar;C:\Users\a834048\.m2\repository\org\slf4j\slf4j-api\1.7.25\slf4j-api-1.7.25.jar;C:\Users\a834048\.m2\repository\commons-io\commons-io\2.6\commons-io-2.6.jar;C:\Users\a834048\.m2\repository\com\google\code\gson\gson\2.8.5\gson-2.8.5.jar;C:\Users\a834048\.m2\repository\org\apache\commons\commons-lang3\3.8.1\commons-lang3-3.8.1.jar;C:\Users\a834048\.m2\repository\org\apache\httpcomponents\httpclient\4.5.6\httpclient-4.5.6.jar;C:\Users\a834048\.m2\repository\org\apache\httpcomponents\httpcore\4.4.10\httpcore-4.4.10.jar;C:\Users\a834048\.m2\repository\commons-logging\commons-logging\1.2\commons-logging-1.2.jar;C:\Users\a834048\.m2\repository\org\rauschig\jarchivelib\1.0.0\jarchivelib-1.0.0.jar;C:\Users\a834048\.m2\repository\org\jsoup\jsoup\1.11.3\jsoup-1.11.3.jar;C:\Users\a834048\.m2\repository\org\seleniumhq\selenium\selenium-java\4.7.0\selenium-java-4.7.0.jar;C:\Users\a834048\.m2\repository\org\seleniumhq\selenium\selenium-api\4.7.0\selenium-api-4.7.0.jar;C:\Users\a834048\.m2\repository\org\seleniumhq\selenium\selenium-chrome-driver\4.7.0\selenium-chrome-driver-4.7.0.jar;C:\Users\a834048\.m2\repository\com\google\auto\service\auto-service-annotations\1.0.1\auto-service-annotations-1.0.1.jar;C:\Users\a834048\.m2\repository\com\google\auto\service\auto-service\1.0.1\auto-service-1.0.1.jar;C:\Users\a834048\.m2\repository\com\google\auto\auto-common\1.2\auto-common-1.2.jar;C:\Users\a834048\.m2\repository\com\google\guava\guava\31.1-jre\guava-31.1-jre.jar;C:\Users\a834048\.m2\repository\com\google\guava\failureaccess\1.0.1\failureaccess-1.0.1.jar;C:\Users\a834048\.m2\repository\com\google\guava\listenablefuture\9999.0-empty-to-avoid-conflict-with-guava\listenablefuture-9999.0-empty-to-avoid-conflict-with-guava.jar;C:\Users\a834048\.m2\repository\com\google\code\findbugs\jsr305\3.0.2\jsr305-3.0.2.jar;C:\Users\a834048\.m2\repository\org\checkerframework\checker-qual\3.12.0\checker-qual-3.12.0.jar;C:\Users\a834048\.m2\repository\com\google\errorprone\error_prone_annotations\2.11.0\error_prone_annotations-2.11.0.jar;C:\Users\a834048\.m2\repository\com\google\j2objc\j2objc-annotations\1.3\j2objc-annotations-1.3.jar;C:\Users\a834048\.m2\repository\org\seleniumhq\selenium\selenium-chromium-driver\4.7.0\selenium-chromium-driver-4.7.0.jar;C:\Users\a834048\.m2\repository\org\seleniumhq\selenium\selenium-json\4.7.0\selenium-json-4.7.0.jar;C:\Users\a834048\.m2\repository\org\seleniumhq\selenium\selenium-devtools-v106\4.7.0\selenium-devtools-v106-4.7.0.jar;C:\Users\a834048\.m2\repository\org\seleniumhq\selenium\selenium-devtools-v107\4.7.0\selenium-devtools-v107-4.7.0.jar;C:\Users\a834048\.m2\repository\org\seleniumhq\selenium\selenium-devtools-v108\4.7.0\selenium-devtools-v108-4.7.0.jar;C:\Users\a834048\.m2\repository\org\seleniumhq\selenium\selenium-devtools-v85\4.7.0\selenium-devtools-v85-4.7.0.jar;C:\Users\a834048\.m2\repository\org\seleniumhq\selenium\selenium-edge-driver\4.7.0\selenium-edge-driver-4.7.0.jar;C:\Users\a834048\.m2\repository\org\seleniumhq\selenium\selenium-firefox-driver\4.7.0\selenium-firefox-driver-4.7.0.jar;C:\Users\a834048\.m2\repository\org\seleniumhq\selenium\selenium-ie-driver\4.7.0\selenium-ie-driver-4.7.0.jar;C:\Users\a834048\.m2\repository\org\seleniumhq\selenium\selenium-remote-driver\4.7.0\selenium-remote-driver-4.7.0.jar;C:\Users\a834048\.m2\repository\com\beust\jcommander\1.82\jcommander-1.82.jar;C:\Users\a834048\.m2\repository\io\netty\netty-buffer\4.1.84.Final\netty-buffer-4.1.84.Final.jar;C:\Users\a834048\.m2\repository\io\netty\netty-codec-http\4.1.84.Final\netty-codec-http-4.1.84.Final.jar;C:\Users\a834048\.m2\repository\io\netty\netty-codec\4.1.84.Final\netty-codec-4.1.84.Final.jar;C:\Users\a834048\.m2\repository\io\netty\netty-handler\4.1.84.Final\netty-handler-4.1.84.Final.jar;C:\Users\a834048\.m2\repository\io\netty\netty-common\4.1.84.Final\netty-common-4.1.84.Final.jar;C:\Users\a834048\.m2\repository\io\netty\netty-transport-classes-epoll\4.1.84.Final\netty-transport-classes-epoll-4.1.84.Final.jar;C:\Users\a834048\.m2\repository\io\netty\netty-transport-classes-kqueue\4.1.84.Final\netty-transport-classes-kqueue-4.1.84.Final.jar;C:\Users\a834048\.m2\repository\io\netty\netty-transport-native-epoll\4.1.84.Final\netty-transport-native-epoll-4.1.84.Final.jar;C:\Users\a834048\.m2\repository\io\netty\netty-transport-native-kqueue\4.1.84.Final\netty-transport-native-kqueue-4.1.84.Final.jar;C:\Users\a834048\.m2\repository\io\netty\netty-transport-native-unix-common\4.1.84.Final\netty-transport-native-unix-common-4.1.84.Final.jar;C:\Users\a834048\.m2\repository\io\netty\netty-transport\4.1.84.Final\netty-transport-4.1.84.Final.jar;C:\Users\a834048\.m2\repository\io\netty\netty-resolver\4.1.84.Final\netty-resolver-4.1.84.Final.jar;C:\Users\a834048\.m2\repository\io\opentelemetry\opentelemetry-api\1.19.0\opentelemetry-api-1.19.0.jar;C:\Users\a834048\.m2\repository\io\opentelemetry\opentelemetry-context\1.19.0\opentelemetry-context-1.19.0.jar;C:\Users\a834048\.m2\repository\io\opentelemetry\opentelemetry-exporter-logging\1.19.0\opentelemetry-exporter-logging-1.19.0.jar;C:\Users\a834048\.m2\repository\io\opentelemetry\opentelemetry-sdk-metrics\1.19.0\opentelemetry-sdk-metrics-1.19.0.jar;C:\Users\a834048\.m2\repository\io\opentelemetry\opentelemetry-sdk-logs\1.19.0-alpha\opentelemetry-sdk-logs-1.19.0-alpha.jar;C:\Users\a834048\.m2\repository\io\opentelemetry\opentelemetry-api-logs\1.19.0-alpha\opentelemetry-api-logs-1.19.0-alpha.jar;C:\Users\a834048\.m2\repository\io\opentelemetry\opentelemetry-sdk-common\1.19.0\opentelemetry-sdk-common-1.19.0.jar;C:\Users\a834048\.m2\repository\io\opentelemetry\opentelemetry-sdk-extension-autoconfigure-spi\1.19.0\opentelemetry-sdk-extension-autoconfigure-spi-1.19.0.jar;C:\Users\a834048\.m2\repository\io\opentelemetry\opentelemetry-sdk-extension-autoconfigure\1.19.0-alpha\opentelemetry-sdk-extension-autoconfigure-1.19.0-alpha.jar;C:\Users\a834048\.m2\repository\io\opentelemetry\opentelemetry-exporter-common\1.19.0\opentelemetry-exporter-common-1.19.0.jar;C:\Users\a834048\.m2\repository\io\opentelemetry\opentelemetry-sdk-trace\1.19.0\opentelemetry-sdk-trace-1.19.0.jar;C:\Users\a834048\.m2\repository\io\opentelemetry\opentelemetry-sdk\1.19.0\opentelemetry-sdk-1.19.0.jar;C:\Users\a834048\.m2\repository\io\opentelemetry\opentelemetry-semconv\1.19.0-alpha\opentelemetry-semconv-1.19.0-alpha.jar;C:\Users\a834048\.m2\repository\io\ous\jtoml\2.0.0\jtoml-2.0.0.jar;C:\Users\a834048\.m2\repository\net\bytebuddy\byte-buddy\1.12.18\byte-buddy-1.12.18.jar;C:\Users\a834048\.m2\repository\org\apache\commons\commons-exec\1.3\commons-exec-1.3.jar;C:\Users\a834048\.m2\repository\org\asynchttpclient\async-http-client\2.12.3\async-http-client-2.12.3.jar;C:\Users\a834048\.m2\repository\org\asynchttpclient\async-http-client-netty-utils\2.12.3\async-http-client-netty-utils-2.12.3.jar;C:\Users\a834048\.m2\repository\io\netty\netty-codec-socks\4.1.60.Final\netty-codec-socks-4.1.60.Final.jar;C:\Users\a834048\.m2\repository\io\netty\netty-handler-proxy\4.1.60.Final\netty-handler-proxy-4.1.60.Final.jar;C:\Users\a834048\.m2\repository\io\netty\netty-transport-native-epoll\4.1.60.Final\netty-transport-native-epoll-4.1.60.Final-linux-x86_64.jar;C:\Users\a834048\.m2\repository\io\netty\netty-transport-native-kqueue\4.1.60.Final\netty-transport-native-kqueue-4.1.60.Final-osx-x86_64.jar;C:\Users\a834048\.m2\repository\com\typesafe\netty\netty-reactive-streams\2.0.4\netty-reactive-streams-2.0.4.jar;C:\Users\a834048\.m2\repository\com\sun\activation\jakarta.activation\1.2.2\jakarta.activation-1.2.2.jar;C:\Users\a834048\.m2\repository\org\seleniumhq\selenium\selenium-http\4.7.0\selenium-http-4.7.0.jar;C:\Users\a834048\.m2\repository\dev\failsafe\failsafe\3.3.0\failsafe-3.3.0.jar;C:\Users\a834048\.m2\repository\org\seleniumhq\selenium\selenium-manager\4.7.0\selenium-manager-4.7.0.jar;C:\Users\a834048\.m2\repository\org\seleniumhq\selenium\selenium-safari-driver\4.7.0\selenium-safari-driver-4.7.0.jar;C:\Users\a834048\.m2\repository\org\seleniumhq\selenium\selenium-support\4.7.0\selenium-support-4.7.0.jar;C:\Users\a834048\.m2\repository\com\aventstack\extentreports\5.0.9\extentreports-5.0.9.jar;C:\Users\a834048\.m2\repository\io\reactivex\rxjava3\rxjava\3.0.4\rxjava-3.0.4.jar;C:\Users\a834048\.m2\repository\org\reactivestreams\reactive-streams\1.0.3\reactive-streams-1.0.3.jar;C:\Users\a834048\.m2\repository\org\freemarker\freemarker\2.3.30\freemarker-2.3.30.jar;C:\Users\a834048\.m2\repository\org\projectlombok\lombok\1.18.12\lombok-1.18.12.jar;C:\Users\a834048\.m2\repository\org\hamcrest\hamcrest\2.2\hamcrest-2.2.jar;C:\Users\a834048\.m2\repository\tech\grasshopper\extentreports-cucumber6-adapter\2.13.0\extentreports-cucumber6-adapter-2.13.0.jar;C:\Users\a834048\.m2\repository\tech\grasshopper\extent-pdf-report\2.7.0\extent-pdf-report-2.7.0.jar;C:\Users\a834048\.m2\repository\tech\grasshopper\cucumber-pdf-report\2.10.0\cucumber-pdf-report-2.10.0.jar;C:\Users\a834048\.m2\repository\org\apache\pdfbox\pdfbox\2.0.26\pdfbox-2.0.26.jar;C:\Users\a834048\.m2\repository\org\apache\pdfbox\fontbox\2.0.26\fontbox-2.0.26.jar;C:\Users\a834048\.m2\repository\org\knowm\xchart\xchart\3.8.0\xchart-3.8.0.jar;C:\Users\a834048\.m2\repository\de\erichseifert\vectorgraphics2d\VectorGraphics2D\0.13\VectorGraphics2D-0.13.jar;C:\Users\a834048\.m2\repository\de\rototor\pdfbox\graphics2d\0.30\graphics2d-0.30.jar;C:\Users\a834048\.m2\repository\com\madgag\animated-gif-lib\1.4\animated-gif-lib-1.4.jar;C:\Users\a834048\.m2\repository\org\yaml\snakeyaml\1.28\snakeyaml-1.28.jar;C:\Users\a834048\.m2\repository\tech\grasshopper\table-layout\1.5.1\table-layout-1.5.1.jar;C:\Users\a834048\.m2\repository\tech\grasshopper\rest-assured-cucumber-pdf-report\1.4.1\rest-assured-cucumber-pdf-report-1.4.1.jar;C:\Users\a834048\.m2\repository\com\aventstack\klov-reporter\5.0.9\klov-reporter-5.0.9.jar;C:\Users\a834048\.m2\repository\org\mongodb\bson\3.6.4\bson-3.6.4.jar;C:\Users\a834048\.m2\repository\org\apache\httpcomponents\httpmime\4.5.13\httpmime-4.5.13.jar;C:\Users\a834048\.m2\repository\tech\grasshopper\htmlextentreporter\1.0.1\htmlextentreporter-1.0.1.jar;C:\Users\a834048\.m2\repository\org\mongodb\mongodb-driver\3.3.0\mongodb-driver-3.3.0.jar;C:\Users\a834048\.m2\repository\org\mongodb\mongodb-driver-core\3.3.0\mongodb-driver-core-3.3.0.jar;"/>
    <property name="sun.cpu.endian" value="little"/>
    <property name="user.home" value="C:\Users\a834048"/>
    <property name="user.language" value="en"/>
    <property name="java.specification.vendor" value="Oracle Corporation"/>
    <property name="java.home" value="C:\Program Files\Java\jdk1.8.0_202\jre"/>
    <property name="basedir" value="C:\Work\Cucumber_DataDrivenFramework_Exceptions\Cucumber_DataDrivenFramework_Exceptions"/>
    <property name="file.separator" value="\"/>
    <property name="line.separator" value="&#10;"/>
    <property name="java.vm.specification.vendor" value="Oracle Corporation"/>
    <property name="java.specification.name" value="Java Platform API Specification"/>
    <property name="java.awt.graphicsenv" value="sun.awt.Win32GraphicsEnvironment"/>
    <property name="surefire.real.class.path" value="C:\Users\a834048\AppData\Local\Temp\surefire3491784311122843542\surefirebooter1789416995161088571.jar;C:\Users\a834048\.m2\repository/org/aspectj/aspectjweaver/1.9.6/aspectjweaver-1.9.6.jar"/>
    <property name="sun.boot.class.path" value="C:\Program Files\Java\jdk1.8.0_202\jre\lib\resources.jar;C:\Program Files\Java\jdk1.8.0_202\jre\lib\rt.jar;C:\Program Files\Java\jdk1.8.0_202\jre\lib\sunrsasign.jar;C:\Program Files\Java\jdk1.8.0_202\jre\lib\jsse.jar;C:\Program Files\Java\jdk1.8.0_202\jre\lib\jce.jar;C:\Program Files\Java\jdk1.8.0_202\jre\lib\charsets.jar;C:\Program Files\Java\jdk1.8.0_202\jre\lib\jfr.jar;C:\Program Files\Java\jdk1.8.0_202\jre\classes"/>
    <property name="user.script" value=""/>
    <property name="sun.management.compiler" value="HotSpot 64-Bit Tiered Compilers"/>
    <property name="java.runtime.version" value="1.8.0_202-b08"/>
    <property name="user.name" value="a834048"/>
    <property name="path.separator" value=";"/>
    <property name="os.version" value="10.0"/>
    <property name="java.endorsed.dirs" value="C:\Program Files\Java\jdk1.8.0_202\jre\lib\endorsed"/>
    <property name="java.runtime.name" value="Java(TM) SE Runtime Environment"/>
    <property name="file.encoding" value="Cp1252"/>
    <property name="java.vm.name" value="Java HotSpot(TM) 64-Bit Server VM"/>
    <property name="localRepository" value="C:\Users\a834048\.m2\repository"/>
    <property name="java.vendor.url.bug" value="http://bugreport.sun.com/bugreport/"/>
    <property name="java.io.tmpdir" value="C:\Users\a834048\AppData\Local\Temp\"/>
    <property name="java.version" value="1.8.0_202"/>
    <property name="user.dir" value="C:\Work\Cucumber_DataDrivenFramework_Exceptions\Cucumber_DataDrivenFramework_Exceptions"/>
    <property name="os.arch" value="amd64"/>
    <property name="java.vm.specification.name" value="Java Virtual Machine Specification"/>
    <property name="java.awt.printerjob" value="sun.awt.windows.WPrinterJob"/>
    <property name="sun.os.patch.level" value=""/>
    <property name="java.library.path" value="C:\Program Files\Java\jdk1.8.0_202\jre\bin;C:\Windows\Sun\Java\bin;C:\Windows\system32;C:\Windows;C:/Program Files/Java/jdk1.8.0_202/bin/../jre/bin/server;C:/Program Files/Java/jdk1.8.0_202/bin/../jre/bin;C:/Program Files/Java/jdk1.8.0_202/bin/../jre/lib/amd64;C:\Windows\system32;C:\Windows;C:\Windows\System32\Wbem;C:\Windows\System32\WindowsPowerShell\v1.0\;C:\Windows\System32\OpenSSH\;C:\Program Files (x86)\Common Files\Pulse Secure\VC142.CRT\X64\;C:\Program Files (x86)\Common Files\Pulse Secure\VC142.CRT\X86\;C:\Program Files\Microsoft SQL Server\Client SDK\ODBC\170\Tools\Binn\;C:\Program Files\dotnet\;C:\Work\apache-maven-3.8.6-bin\apache-maven-3.8.6\bin;C:\Program Files\Java\jdk1.8.0_202\bin;C:\Program Files\Docker\Docker\resources\bin;C:\Work\Git\bin;C:\Program Files\nodejs\;C:\Program Files\Android\Android Studio\bin;C:\Users\a834048\AppData\Local\Android\Sdk\tools;C:\Users\a834048\AppData\Local\Android\Sdk\platform-tools;C:\Users\a834048\AppData\Local\Android\Sdk\build-tools;C:\Users\a834048\scoop\shims;C:\Program Files\MySQL\MySQL Shell 8.0\bin\;C:\Windows\system32;C:\Windows;C:\Windows\System32\Wbem;C:\Windows\System32\WindowsPowerShell\v1.0\;C:\Windows\System32\OpenSSH\;C:\Program Files (x86)\Common Files\Pulse Secure\VC142.CRT\X64\;C:\Program Files (x86)\Common Files\Pulse Secure\VC142.CRT\X86\;C:\Program Files\Microsoft SQL Server\150\Tools\Binn\;C:\Program Files\Microsoft SQL Server\Client SDK\ODBC\170\Tools\Binn\;C:\Program Files\dotnet\;C:\Work\apache-maven-3.8.6-bin (1)\apache-maven-3.8.6\bin;C:\Program Files\Java\jdk1.8.0_202\bin;C:\Users\a834048\AppData\Local\Programs\Microsoft VS Code\bin;C:\Users\a834048\AppData\Roaming\npm;C:\Work\Git\cmd;C:\Users\a834048\Downloads\eclipse-jee-oxygen-3a-win32-x86_64 (1)\eclipse;;."/>
    <property name="java.vm.info" value="mixed mode"/>
    <property name="java.vendor" value="Oracle Corporation"/>
    <property name="java.vm.version" value="25.202-b08"/>
    <property name="java.ext.dirs" value="C:\Program Files\Java\jdk1.8.0_202\jre\lib\ext;C:\Windows\Sun\Java\lib\ext"/>
    <property name="sun.io.unicode.encoding" value="UnicodeLittle"/>
    <property name="java.class.version" value="52.0"/>
  </properties>
  <testcase name="User refer the &quot;BPM_SastaSafar_Web.xlsx&quot;" classname="Ways of booking tickets for trip Packages #1" time="0.016"/>
  <testcase name="Verify the &quot;Home page&quot; with &quot;Home_Page_Title&quot; from given sheet &quot;TestData&quot;" classname="Ways of booking tickets for trip Packages #1" time="4.109"/>
  <testcase name="User click on the &quot;PACKAGES tab&quot;" classname="Ways of booking tickets for trip Packages #1" time="11.042"/>
  <testcase name="Verify the &quot;packages home page&quot; with &quot;packages home page title&quot; from given sheet &quot;TestData&quot;" classname="Ways of booking tickets for trip Packages #1" time="2.748"/>
  <testcase name="Ways of booking tickets for trip Packages #1" classname="Ways of booking tickets for trip Packages #1" time="12.975"/>
  <testcase name="User refer the &quot;BPM_SastaSafar_Web.xlsx&quot;" classname="Ways of booking tickets for trip Packages #2" time="0"/>
  <testcase name="Verify the &quot;Home page&quot; with &quot;Home_Page_Title&quot; from given sheet &quot;TestData&quot;" classname="Ways of booking tickets for trip Packages #2" time="2.603"/>
  <testcase name="User click on the &quot;PACKAGES tab&quot;" classname="Ways of booking tickets for trip Packages #2" time="9.701"/>
  <testcase name="Verify the &quot;packages home page&quot; with &quot;packages home page title&quot; from given sheet &quot;TestData&quot;" classname="Ways of booking tickets for trip Packages #2" time="2.361"/>
  <testcase name="Ways of booking tickets for trip Packages #2" classname="Ways of booking tickets for trip Packages #2" time="12.636"/>
</testsuite>